# Logfile created on 2023-05-26 15:10:31 +0300 by logger.rb/v1.5.0
I, [2023-05-26T15:10:31.347918 #27524]  INFO -- : Refreshing data with k_page=1 and number_clients=2
I, [2023-05-26T15:11:07.591098 #25584]  INFO -- : Refreshing data with k_page=1 and number_clients=2
I, [2023-05-26T15:11:54.544686 #19728]  INFO -- : Refreshing data with k_page=1 and number_clients=2
E, [2023-05-26T15:11:54.545232 #19728] ERROR -- : Error occurred while refreshing data: no such table: client
I, [2023-05-26T15:13:43.484893 #1888]  INFO -- : Refreshing data with k_page=1 and number_clients=2
E, [2023-05-26T15:13:43.485368 #1888] ERROR -- : Error occurred while refreshing data: no such table: client
I, [2023-05-26T15:21:38.339090 #13896]  INFO -- : Refreshing data with k_page=1 and number_clients=2
E, [2023-05-26T15:21:38.339754 #13896] ERROR -- : Error occurred while refreshing data: no such table: client
I, [2023-05-26T15:23:00.902936 #19808]  INFO -- : Refreshing data with k_page=1 and number_clients=2
I, [2023-05-26T15:23:00.903974 #19808]  INFO -- : Data refreshed successfully with k_page=1 and number_clients=2
I, [2023-05-26T15:23:34.278856 #28284]  INFO -- : Refreshing data with k_page=1 and number_clients=2
I, [2023-05-26T15:23:34.279912 #28284]  INFO -- : Data refreshed successfully with k_page=1 and number_clients=2
I, [2023-05-26T15:24:47.331124 #10896]  INFO -- : Refreshing data with k_page=1 and number_clients=2
I, [2023-05-26T15:24:47.332097 #10896]  INFO -- : Data refreshed successfully with k_page=1 and number_clients=2
I, [2023-05-26T15:29:21.441813 #22812]  INFO -- : Refreshing data with k_page=1 and number_clients=2
I, [2023-05-26T15:29:21.442845 #22812]  INFO -- : Data refreshed successfully with k_page=1 and number_clients=2
I, [2023-05-26T15:29:46.117567 #4156]  INFO -- : Refreshing data with k_page=1 and number_clients=2
I, [2023-05-26T15:29:46.119021 #4156]  INFO -- : Data refreshed successfully with k_page=1 and number_clients=2
I, [2023-05-26T15:30:04.135979 #21820]  INFO -- : Refreshing data with k_page=1 and number_clients=2
I, [2023-05-26T15:30:04.137277 #21820]  INFO -- : Data refreshed successfully with k_page=1 and number_clients=2
I, [2023-05-26T15:30:21.225337 #16964]  INFO -- : Refreshing data with k_page=1 and number_clients=2
I, [2023-05-26T15:30:21.226239 #16964]  INFO -- : Data refreshed successfully with k_page=1 and number_clients=2
I, [2023-05-26T15:30:24.846687 #16964]  INFO -- : Refreshing data with k_page=1 and number_clients=2
I, [2023-05-26T15:30:24.849225 #16964]  INFO -- : Data refreshed successfully with k_page=1 and number_clients=2
I, [2023-05-26T15:30:43.597251 #26240]  INFO -- : Refreshing data with k_page=1 and number_clients=2
I, [2023-05-26T15:30:43.598299 #26240]  INFO -- : Data refreshed successfully with k_page=1 and number_clients=2
I, [2023-05-26T15:30:57.256053 #2312]  INFO -- : Refreshing data with k_page=1 and number_clients=2
I, [2023-05-26T15:30:57.257753 #2312]  INFO -- : Data refreshed successfully with k_page=1 and number_clients=2
I, [2023-05-26T15:31:05.167101 #24744]  INFO -- : Refreshing data with k_page=1 and number_clients=2
I, [2023-05-26T15:31:05.168398 #24744]  INFO -- : Data refreshed successfully with k_page=1 and number_clients=2
I, [2023-05-26T15:31:37.984042 #6724]  INFO -- : Refreshing data with k_page=1 and number_clients=5
I, [2023-05-26T15:31:37.984932 #6724]  INFO -- : Data refreshed successfully with k_page=1 and number_clients=5
I, [2023-05-26T15:31:52.291564 #6724]  INFO -- : Add tourist
I, [2023-05-26T15:31:58.532036 #6724]  INFO -- : Refreshing data with k_page=1 and number_clients=5
I, [2023-05-26T15:31:58.533405 #6724]  INFO -- : Data refreshed successfully with k_page=1 and number_clients=5
I, [2023-05-26T15:32:18.992047 #12752]  INFO -- : Refreshing data with k_page=1 and number_clients=5
I, [2023-05-26T15:32:18.993084 #12752]  INFO -- : Data refreshed successfully with k_page=1 and number_clients=5
I, [2023-05-26T15:32:21.557265 #12752]  INFO -- : Add tourist
I, [2023-05-26T15:32:27.959509 #12752]  INFO -- : Refreshing data with k_page=1 and number_clients=5
I, [2023-05-26T15:32:27.960521 #12752]  INFO -- : Data refreshed successfully with k_page=1 and number_clients=5
I, [2023-05-26T15:33:24.558637 #10120]  INFO -- : Refreshing data with k_page=1 and number_clients=5
I, [2023-05-26T15:33:24.559802 #10120]  INFO -- : Data refreshed successfully with k_page=1 and number_clients=5
I, [2023-05-26T15:33:26.044308 #10120]  INFO -- : Add tourist
I, [2023-05-26T15:34:37.430954 #10120]  INFO -- : Refreshing data with k_page=1 and number_clients=5
I, [2023-05-26T15:34:37.432378 #10120]  INFO -- : Data refreshed successfully with k_page=1 and number_clients=5
I, [2023-05-26T15:35:00.013846 #10120]  INFO -- : Refreshing data with k_page=1 and number_clients=5
I, [2023-05-26T15:35:00.018401 #10120]  INFO -- : Data refreshed successfully with k_page=1 and number_clients=5
I, [2023-05-26T15:35:49.961455 #14488]  INFO -- : Refreshing data with k_page=1 and number_clients=5
I, [2023-05-26T15:35:49.962489 #14488]  INFO -- : Data refreshed successfully with k_page=1 and number_clients=5
I, [2023-05-26T15:37:31.642237 #13548]  INFO -- : Refreshing data with k_page=1 and number_clients=5
I, [2023-05-26T15:37:31.643096 #13548]  INFO -- : Data refreshed successfully with k_page=1 and number_clients=5
I, [2023-05-26T15:38:44.343931 #20464]  INFO -- : Refreshing data with k_page=1 and number_clients=5
I, [2023-05-26T15:38:44.344755 #20464]  INFO -- : Data refreshed successfully with k_page=1 and number_clients=5
I, [2023-05-26T15:39:55.007004 #22320]  INFO -- : Refreshing data with k_page=1 and number_clients=5
I, [2023-05-26T15:39:55.008117 #22320]  INFO -- : Data refreshed successfully with k_page=1 and number_clients=5
I, [2023-05-26T15:45:30.403703 #15196]  INFO -- : Refreshing data with k_page=1 and number_clients=5
I, [2023-05-26T15:45:30.404614 #15196]  INFO -- : Data refreshed successfully with k_page=1 and number_clients=5
I, [2023-05-26T15:46:00.661387 #15196]  INFO -- : Changing tourist address
I, [2023-05-26T15:46:32.580089 #16740]  INFO -- : Refreshing data with k_page=1 and number_clients=5
I, [2023-05-26T15:46:32.580947 #16740]  INFO -- : Data refreshed successfully with k_page=1 and number_clients=5
I, [2023-05-26T15:46:36.901966 #16740]  INFO -- : Changing tourist name
I, [2023-05-26T15:47:42.721962 #27016]  INFO -- : Refreshing data with k_page=1 and number_clients=5
I, [2023-05-26T15:47:42.722876 #27016]  INFO -- : Data refreshed successfully with k_page=1 and number_clients=5
I, [2023-05-26T15:47:54.024681 #27016]  INFO -- : Changing tourist name
I, [2023-05-26T15:48:00.939688 #27016]  INFO -- : Refreshing data with k_page=1 and number_clients=5
I, [2023-05-26T15:48:00.940570 #27016]  INFO -- : Data refreshed successfully with k_page=1 and number_clients=5
I, [2023-05-26T15:48:05.685975 #27016]  INFO -- : Changing tourist name
I, [2023-05-26T15:49:33.040590 #15172]  INFO -- : Refreshing data with k_page=1 and number_clients=5
I, [2023-05-26T15:49:33.041562 #15172]  INFO -- : Data refreshed successfully with k_page=1 and number_clients=5
I, [2023-05-26T15:49:40.494122 #15172]  INFO -- : Changing tourist name
I, [2023-05-26T15:49:47.723988 #15172]  INFO -- : Refreshing data with k_page=1 and number_clients=5
I, [2023-05-26T15:49:47.725220 #15172]  INFO -- : Data refreshed successfully with k_page=1 and number_clients=5
I, [2023-05-26T15:49:53.415959 #15172]  INFO -- : Refreshing data with k_page=1 and number_clients=5
I, [2023-05-26T15:49:53.417505 #15172]  INFO -- : Data refreshed successfully with k_page=1 and number_clients=5
I, [2023-05-26T15:49:58.650295 #15172]  INFO -- : Changing tourist address
I, [2023-05-26T15:50:30.194246 #15172]  INFO -- : Refreshing data with k_page=1 and number_clients=5
I, [2023-05-26T15:50:30.195238 #15172]  INFO -- : Data refreshed successfully with k_page=1 and number_clients=5
I, [2023-05-26T15:50:40.463052 #15172]  INFO -- : Changing tourist contact
I, [2023-05-26T15:50:55.267480 #15172]  INFO -- : Refreshing data with k_page=1 and number_clients=5
I, [2023-05-26T15:50:55.268565 #15172]  INFO -- : Data refreshed successfully with k_page=1 and number_clients=5
I, [2023-05-26T15:51:24.406075 #27552]  INFO -- : Refreshing data with k_page=1 and number_clients=5
I, [2023-05-26T15:51:24.407010 #27552]  INFO -- : Data refreshed successfully with k_page=1 and number_clients=5
I, [2023-05-26T15:51:34.450469 #27552]  INFO -- : Refreshing data with k_page=1 and number_clients=5
I, [2023-05-26T15:51:34.451498 #27552]  INFO -- : Data refreshed successfully with k_page=1 and number_clients=5
I, [2023-05-26T15:51:34.451838 #27552]  INFO -- : Deleted tourist with IDs: 1
I, [2023-05-26T15:51:35.771950 #27552]  INFO -- : Add tourist
I, [2023-05-26T15:51:48.185755 #27552]  INFO -- : Refreshing data with k_page=1 and number_clients=5
I, [2023-05-26T15:51:48.186854 #27552]  INFO -- : Data refreshed successfully with k_page=1 and number_clients=5
