# Logfile created on 2023-05-26 15:31:52 +0300 by logger.rb/v1.5.0
I, [2023-05-26T15:31:58.531165 #6724]  INFO -- : Executing add student operation
I, [2023-05-26T15:32:27.959189 #12752]  INFO -- : Executing add student operation
I, [2023-05-26T15:33:28.209902 #10120]  INFO -- : Validating fields
E, [2023-05-26T15:33:28.211039 #10120] ERROR -- : Error occurred while validating fields: Incorrect value: first_name=G!
I, [2023-05-26T15:33:28.440725 #10120]  INFO -- : Validating fields
E, [2023-05-26T15:33:28.441603 #10120] ERROR -- : Error occurred while validating fields: Incorrect value: first_name=Gt!
I, [2023-05-26T15:33:28.858723 #10120]  INFO -- : Validating fields
E, [2023-05-26T15:33:28.859388 #10120] ERROR -- : Error occurred while validating fields: Incorrect value: first_name=G!
I, [2023-05-26T15:33:29.058203 #10120]  INFO -- : Validating fields
I, [2023-05-26T15:33:30.249746 #10120]  INFO -- : Validating fields
E, [2023-05-26T15:33:30.250440 #10120] ERROR -- : Error occurred while validating fields: Incorrect value: first_name=К!
I, [2023-05-26T15:33:30.484302 #10120]  INFO -- : Validating fields
I, [2023-05-26T15:33:30.619565 #10120]  INFO -- : Validating fields
I, [2023-05-26T15:33:30.765365 #10120]  INFO -- : Validating fields
I, [2023-05-26T15:33:30.959575 #10120]  INFO -- : Validating fields
I, [2023-05-26T15:33:31.074068 #10120]  INFO -- : Validating fields
I, [2023-05-26T15:33:33.070759 #10120]  INFO -- : Validating fields
E, [2023-05-26T15:33:33.071442 #10120] ERROR -- : Error occurred while validating fields: Incorrect value: paternal_name=К!
I, [2023-05-26T15:33:33.300728 #10120]  INFO -- : Validating fields
I, [2023-05-26T15:33:33.456574 #10120]  INFO -- : Validating fields
I, [2023-05-26T15:33:33.546544 #10120]  INFO -- : Validating fields
I, [2023-05-26T15:33:33.690612 #10120]  INFO -- : Validating fields
I, [2023-05-26T15:33:33.886100 #10120]  INFO -- : Validating fields
I, [2023-05-26T15:33:33.961343 #10120]  INFO -- : Validating fields
I, [2023-05-26T15:33:34.136504 #10120]  INFO -- : Validating fields
I, [2023-05-26T15:33:34.261529 #10120]  INFO -- : Validating fields
I, [2023-05-26T15:33:36.447811 #10120]  INFO -- : Validating fields
E, [2023-05-26T15:33:36.448483 #10120] ERROR -- : Error occurred while validating fields: Incorrect value: last_name=К
I, [2023-05-26T15:33:37.013564 #10120]  INFO -- : Validating fields
I, [2023-05-26T15:33:39.990505 #10120]  INFO -- : Validating fields
I, [2023-05-26T15:33:40.254782 #10120]  INFO -- : Validating fields
I, [2023-05-26T15:33:40.650731 #10120]  INFO -- : Validating fields
I, [2023-05-26T15:33:40.910890 #10120]  INFO -- : Validating fields
I, [2023-05-26T15:33:56.789617 #10120]  INFO -- : Validating fields
I, [2023-05-26T15:33:57.010528 #10120]  INFO -- : Validating fields
I, [2023-05-26T15:33:57.424714 #10120]  INFO -- : Validating fields
I, [2023-05-26T15:33:57.590261 #10120]  INFO -- : Validating fields
I, [2023-05-26T15:34:00.097188 #10120]  INFO -- : Validating fields
I, [2023-05-26T15:34:00.477564 #10120]  INFO -- : Validating fields
I, [2023-05-26T15:34:01.132636 #10120]  INFO -- : Validating fields
I, [2023-05-26T15:34:01.452720 #10120]  INFO -- : Validating fields
I, [2023-05-26T15:34:01.638571 #10120]  INFO -- : Validating fields
I, [2023-05-26T15:34:01.753947 #10120]  INFO -- : Validating fields
I, [2023-05-26T15:34:01.978426 #10120]  INFO -- : Validating fields
I, [2023-05-26T15:34:02.308518 #10120]  INFO -- : Validating fields
I, [2023-05-26T15:34:02.548830 #10120]  INFO -- : Validating fields
I, [2023-05-26T15:34:02.738635 #10120]  INFO -- : Validating fields
I, [2023-05-26T15:34:02.864063 #10120]  INFO -- : Validating fields
I, [2023-05-26T15:34:02.948606 #10120]  INFO -- : Validating fields
I, [2023-05-26T15:34:06.891689 #10120]  INFO -- : Validating fields
E, [2023-05-26T15:34:06.892036 #10120] ERROR -- : Error occurred while validating fields: Incorrect value: phone=8!
I, [2023-05-26T15:34:07.026832 #10120]  INFO -- : Validating fields
E, [2023-05-26T15:34:07.027526 #10120] ERROR -- : Error occurred while validating fields: Incorrect value: phone=89!
I, [2023-05-26T15:34:07.286034 #10120]  INFO -- : Validating fields
E, [2023-05-26T15:34:07.286587 #10120] ERROR -- : Error occurred while validating fields: Incorrect value: phone=891!
I, [2023-05-26T15:34:07.671322 #10120]  INFO -- : Validating fields
E, [2023-05-26T15:34:07.672079 #10120] ERROR -- : Error occurred while validating fields: Incorrect value: phone=8912!
I, [2023-05-26T15:34:08.417071 #10120]  INFO -- : Validating fields
E, [2023-05-26T15:34:08.417524 #10120] ERROR -- : Error occurred while validating fields: Incorrect value: phone=891!
I, [2023-05-26T15:34:08.757071 #10120]  INFO -- : Validating fields
E, [2023-05-26T15:34:08.757793 #10120] ERROR -- : Error occurred while validating fields: Incorrect value: phone=89!
I, [2023-05-26T15:34:08.957402 #10120]  INFO -- : Validating fields
E, [2023-05-26T15:34:08.957833 #10120] ERROR -- : Error occurred while validating fields: Incorrect value: phone=8!
I, [2023-05-26T15:34:09.112349 #10120]  INFO -- : Validating fields
I, [2023-05-26T15:34:10.307865 #10120]  INFO -- : Validating fields
E, [2023-05-26T15:34:10.308371 #10120] ERROR -- : Error occurred while validating fields: Incorrect value: phone=8!
I, [2023-05-26T15:34:10.433154 #10120]  INFO -- : Validating fields
E, [2023-05-26T15:34:10.433866 #10120] ERROR -- : Error occurred while validating fields: Incorrect value: phone=89!
I, [2023-05-26T15:34:10.713264 #10120]  INFO -- : Validating fields
E, [2023-05-26T15:34:10.713585 #10120] ERROR -- : Error occurred while validating fields: Incorrect value: phone=891!
I, [2023-05-26T15:34:11.564714 #10120]  INFO -- : Validating fields
E, [2023-05-26T15:34:11.565296 #10120] ERROR -- : Error occurred while validating fields: Incorrect value: phone=8913!
I, [2023-05-26T15:34:11.839015 #10120]  INFO -- : Validating fields
E, [2023-05-26T15:34:11.839490 #10120] ERROR -- : Error occurred while validating fields: Incorrect value: phone=89134!
I, [2023-05-26T15:34:12.049043 #10120]  INFO -- : Validating fields
E, [2023-05-26T15:34:12.049447 #10120] ERROR -- : Error occurred while validating fields: Incorrect value: phone=891345!
I, [2023-05-26T15:34:12.299132 #10120]  INFO -- : Validating fields
E, [2023-05-26T15:34:12.299655 #10120] ERROR -- : Error occurred while validating fields: Incorrect value: phone=8913454!
I, [2023-05-26T15:34:12.919381 #10120]  INFO -- : Validating fields
E, [2023-05-26T15:34:12.919915 #10120] ERROR -- : Error occurred while validating fields: Incorrect value: phone=89134549!
I, [2023-05-26T15:34:13.079708 #10120]  INFO -- : Validating fields
E, [2023-05-26T15:34:13.080219 #10120] ERROR -- : Error occurred while validating fields: Incorrect value: phone=891345493!
I, [2023-05-26T15:34:13.284696 #10120]  INFO -- : Validating fields
E, [2023-05-26T15:34:13.285310 #10120] ERROR -- : Error occurred while validating fields: Incorrect value: phone=8913454939!
I, [2023-05-26T15:34:13.419620 #10120]  INFO -- : Validating fields
I, [2023-05-26T15:34:24.811065 #10120]  INFO -- : Validating fields
E, [2023-05-26T15:34:24.811888 #10120] ERROR -- : Error occurred while validating fields: Incorrect value: address="!
I, [2023-05-26T15:34:25.881926 #10120]  INFO -- : Validating fields
I, [2023-05-26T15:34:27.017490 #10120]  INFO -- : Validating fields
E, [2023-05-26T15:34:27.018413 #10120] ERROR -- : Error occurred while validating fields: Incorrect value: address=@!
I, [2023-05-26T15:34:27.932862 #10120]  INFO -- : Validating fields
E, [2023-05-26T15:34:27.933444 #10120] ERROR -- : Error occurred while validating fields: Incorrect value: address=@e!
I, [2023-05-26T15:34:28.563212 #10120]  INFO -- : Validating fields
E, [2023-05-26T15:34:28.563551 #10120] ERROR -- : Error occurred while validating fields: Incorrect value: address=@!
I, [2023-05-26T15:34:29.123382 #10120]  INFO -- : Validating fields
I, [2023-05-26T15:34:30.179900 #10120]  INFO -- : Validating fields
E, [2023-05-26T15:34:30.180714 #10120] ERROR -- : Error occurred while validating fields: Incorrect value: address=k!
I, [2023-05-26T15:34:30.293948 #10120]  INFO -- : Validating fields
E, [2023-05-26T15:34:30.294549 #10120] ERROR -- : Error occurred while validating fields: Incorrect value: address=ka!
I, [2023-05-26T15:34:30.804747 #10120]  INFO -- : Validating fields
E, [2023-05-26T15:34:30.805308 #10120] ERROR -- : Error occurred while validating fields: Incorrect value: address=kar!
I, [2023-05-26T15:34:31.484578 #10120]  INFO -- : Validating fields
E, [2023-05-26T15:34:31.484948 #10120] ERROR -- : Error occurred while validating fields: Incorrect value: address=kari!
I, [2023-05-26T15:34:31.730020 #10120]  INFO -- : Validating fields
E, [2023-05-26T15:34:31.730452 #10120] ERROR -- : Error occurred while validating fields: Incorrect value: address=karin!
I, [2023-05-26T15:34:31.884980 #10120]  INFO -- : Validating fields
E, [2023-05-26T15:34:31.885411 #10120] ERROR -- : Error occurred while validating fields: Incorrect value: address=karina!
I, [2023-05-26T15:34:32.625328 #10120]  INFO -- : Validating fields
E, [2023-05-26T15:34:32.625758 #10120] ERROR -- : Error occurred while validating fields: Incorrect value: address=karina@!
I, [2023-05-26T15:34:33.426647 #10120]  INFO -- : Validating fields
E, [2023-05-26T15:34:33.427455 #10120] ERROR -- : Error occurred while validating fields: Incorrect value: address=karina@m!
I, [2023-05-26T15:34:33.556398 #10120]  INFO -- : Validating fields
E, [2023-05-26T15:34:33.556858 #10120] ERROR -- : Error occurred while validating fields: Incorrect value: address=karina@ma!
I, [2023-05-26T15:34:33.785995 #10120]  INFO -- : Validating fields
E, [2023-05-26T15:34:33.786621 #10120] ERROR -- : Error occurred while validating fields: Incorrect value: address=karina@mai!
I, [2023-05-26T15:34:34.081516 #10120]  INFO -- : Validating fields
E, [2023-05-26T15:34:34.082233 #10120] ERROR -- : Error occurred while validating fields: Incorrect value: address=karina@mail!
I, [2023-05-26T15:34:34.376501 #10120]  INFO -- : Validating fields
E, [2023-05-26T15:34:34.376970 #10120] ERROR -- : Error occurred while validating fields: Incorrect value: address=karina@mail.!
I, [2023-05-26T15:34:34.616770 #10120]  INFO -- : Validating fields
I, [2023-05-26T15:34:34.811292 #10120]  INFO -- : Validating fields
I, [2023-05-26T15:34:35.316827 #10120]  INFO -- : Validating fields
I, [2023-05-26T15:34:35.622059 #10120]  INFO -- : Validating fields
I, [2023-05-26T15:34:37.381407 #10120]  INFO -- : Saving client
I, [2023-05-26T15:34:37.430730 #10120]  INFO -- : Executing add student operation
I, [2023-05-26T15:51:37.881696 #27552]  INFO -- : Validating fields
E, [2023-05-26T15:51:37.882278 #27552] ERROR -- : Error occurred while validating fields: Incorrect value: first_name=И!
I, [2023-05-26T15:51:38.070609 #27552]  INFO -- : Validating fields
I, [2023-05-26T15:51:38.230503 #27552]  INFO -- : Validating fields
I, [2023-05-26T15:51:38.315507 #27552]  INFO -- : Validating fields
I, [2023-05-26T15:51:38.495447 #27552]  INFO -- : Validating fields
I, [2023-05-26T15:51:38.595966 #27552]  INFO -- : Validating fields
I, [2023-05-26T15:51:40.511759 #27552]  INFO -- : Validating fields
I, [2023-05-26T15:51:40.661516 #27552]  INFO -- : Validating fields
I, [2023-05-26T15:51:42.092318 #27552]  INFO -- : Validating fields
E, [2023-05-26T15:51:42.093182 #27552] ERROR -- : Error occurred while validating fields: Incorrect value: paternal_name=И!
I, [2023-05-26T15:51:42.287221 #27552]  INFO -- : Validating fields
I, [2023-05-26T15:51:42.462030 #27552]  INFO -- : Validating fields
I, [2023-05-26T15:51:42.557876 #27552]  INFO -- : Validating fields
I, [2023-05-26T15:51:42.743898 #27552]  INFO -- : Validating fields
I, [2023-05-26T15:51:42.872503 #27552]  INFO -- : Validating fields
I, [2023-05-26T15:51:43.042913 #27552]  INFO -- : Validating fields
I, [2023-05-26T15:51:43.152456 #27552]  INFO -- : Validating fields
I, [2023-05-26T15:51:45.473567 #27552]  INFO -- : Validating fields
E, [2023-05-26T15:51:45.474006 #27552] ERROR -- : Error occurred while validating fields: Incorrect value: last_name=И
I, [2023-05-26T15:51:45.648738 #27552]  INFO -- : Validating fields
I, [2023-05-26T15:51:45.814373 #27552]  INFO -- : Validating fields
I, [2023-05-26T15:51:45.923996 #27552]  INFO -- : Validating fields
I, [2023-05-26T15:51:46.123405 #27552]  INFO -- : Validating fields
I, [2023-05-26T15:51:46.249065 #27552]  INFO -- : Validating fields
I, [2023-05-26T15:51:48.162655 #27552]  INFO -- : Saving client
I, [2023-05-26T15:51:48.185155 #27552]  INFO -- : Executing add student operation
